<?xml version="1.0" encoding="UTF-8"?>
<!-- Generated by org.testng.reporters.JUnitReportReporter -->
<testsuite hostname="DESKTOP-1ARANM2" failures="0" tests="1" name="testCases.TC002_LoginTest" time="2.107" errors="0" timestamp="2024-10-10T22:02:11 BST" skipped="0">
  <testcase classname="testCases.TC002_LoginTest" name="verify_login" time="2.107"/>
</testsuite> <!-- testCases.TC002_LoginTest -->
