<?xml version="1.0" encoding="UTF-8"?>
<!-- Generated by org.testng.reporters.JUnitReportReporter -->
<testsuite hostname="DESKTOP-1ARANM2" failures="0" tests="1" name="testCases.TC001_AccountRegistrationTest" time="4.218" errors="0" timestamp="2024-10-10T23:09:38 BST" skipped="0">
  <testcase classname="testCases.TC001_AccountRegistrationTest" name="verify_account_registration" time="4.218"/>
</testsuite> <!-- testCases.TC001_AccountRegistrationTest -->
